/opt/biosoft/gmes_linux_64/gmes_petap.pl : [Sat Apr 25 15:07:02 2020] /opt/biosoft/gmes_linux_64/probuild --reformat_fasta --uppercase --allow_x --letters_per_line 60 --out data/dna.fna --label _dna --trace info/dna.trace --in /home/gqx/2020_CCPRD_yeast/1_source_data/GCF_000146045.2_R64_genomic.fna  --mask_soft 1000 
/opt/biosoft/gmes_linux_64/gmes_petap.pl : [Sat Apr 25 15:07:02 2020] /opt/biosoft/gmes_linux_64/probuild  --seq data/dna.fna  --allow_x  --stat info/dna.general  --details
/opt/biosoft/gmes_linux_64/gmes_petap.pl : [Sat Apr 25 15:07:03 2020] /opt/biosoft/gmes_linux_64/probuild  --seq data/dna.fna  --allow_x  --stat_fasta info/dna.multi_fasta
/opt/biosoft/gmes_linux_64/gmes_petap.pl : [Sat Apr 25 15:07:03 2020] /opt/biosoft/gmes_linux_64/probuild  --seq data/dna.fna  --allow_x  --substring_n_distr info/dna.gap_distr
/opt/biosoft/gmes_linux_64/gmes_petap.pl : [Sat Apr 25 15:07:04 2020] /opt/biosoft/gmes_linux_64/gc_distr.pl --in data/dna.fna  --out info/dna.gc.csv  --w 1000,8000
/opt/biosoft/gmes_linux_64/gmes_petap.pl : [Sat Apr 25 15:07:04 2020] /opt/biosoft/gmes_linux_64/probuild  --seq /home/gqx/2020_CCPRD_yeast/4_MS_database/CCPRD/genome_denovo/GeneMark-ES/data/dna.fna  --split dna.fa  --max_contig 5000000 --min_contig 50000 --letters_per_line 100 --split_at_n 5000 --split_at_x 5000 --allow_x --x_to_n  --trace ../../info/training.trace 
/opt/biosoft/gmes_linux_64/gmes_petap.pl : [Sat Apr 25 15:07:05 2020] /opt/biosoft/gmes_linux_64/probuild --seq data/training.fna --stat info/training.general --allow_x  --GC_PRECISION 0  --details
/opt/biosoft/gmes_linux_64/gmes_petap.pl : [Sat Apr 25 15:07:05 2020] /opt/biosoft/gmes_linux_64/build_mod.pl --cfg /home/gqx/2020_CCPRD_yeast/4_MS_database/CCPRD/genome_denovo/GeneMark-ES/run.cfg  --section ES_ini --def /opt/biosoft/gmes_linux_64/heu_dir/heu_05_gcode_1_gc_38.mod 
/opt/biosoft/gmes_linux_64/gmes_petap.pl : [Sat Apr 25 15:07:05 2020] ln -sf  /home/gqx/2020_CCPRD_yeast/4_MS_database/CCPRD/genome_denovo/GeneMark-ES/run/ES_ini/es_ini.mod  run/ini.mod
/opt/biosoft/gmes_linux_64/gmes_petap.pl : [Sat Apr 25 15:07:05 2020] 17 contigs in training
/opt/biosoft/gmes_linux_64/gmes_petap.pl : [Sat Apr 25 15:07:39 2020] ln -sf /home/gqx/2020_CCPRD_yeast/4_MS_database/CCPRD/genome_denovo/GeneMark-ES/run/ES_ini/es_ini.mod  /home/gqx/2020_CCPRD_yeast/4_MS_database/CCPRD/genome_denovo/GeneMark-ES/run/ES_A_1/prev.mod
/opt/biosoft/gmes_linux_64/gmes_petap.pl : [Sat Apr 25 15:07:40 2020] /opt/biosoft/gmes_linux_64/parse_set.pl --section ES_A --cfg  /home/gqx/2020_CCPRD_yeast/4_MS_database/CCPRD/genome_denovo/GeneMark-ES/run.cfg  --v 
/opt/biosoft/gmes_linux_64/gmes_petap.pl : [Sat Apr 25 15:07:40 2020] /opt/biosoft/gmes_linux_64/make_nt_freq_mat.pl --cfg /home/gqx/2020_CCPRD_yeast/4_MS_database/CCPRD/genome_denovo/GeneMark-ES/run.cfg --section start_ATG   --format INI
/opt/biosoft/gmes_linux_64/gmes_petap.pl : [Sat Apr 25 15:07:41 2020] /opt/biosoft/gmes_linux_64/make_nt_freq_mat.pl --cfg /home/gqx/2020_CCPRD_yeast/4_MS_database/CCPRD/genome_denovo/GeneMark-ES/run.cfg --section stop_TAA    --format TERM_TAA
/opt/biosoft/gmes_linux_64/gmes_petap.pl : [Sat Apr 25 15:07:41 2020] /opt/biosoft/gmes_linux_64/make_nt_freq_mat.pl --cfg /home/gqx/2020_CCPRD_yeast/4_MS_database/CCPRD/genome_denovo/GeneMark-ES/run.cfg --section stop_TAG    --format TERM_TAG
/opt/biosoft/gmes_linux_64/gmes_petap.pl : [Sat Apr 25 15:07:41 2020] /opt/biosoft/gmes_linux_64/make_nt_freq_mat.pl --cfg /home/gqx/2020_CCPRD_yeast/4_MS_database/CCPRD/genome_denovo/GeneMark-ES/run.cfg --section stop_TGA    --format TERM_TGA
/opt/biosoft/gmes_linux_64/gmes_petap.pl : [Sat Apr 25 15:07:41 2020] /opt/biosoft/gmes_linux_64/make_nt_freq_mat.pl --cfg /home/gqx/2020_CCPRD_yeast/4_MS_database/CCPRD/genome_denovo/GeneMark-ES/run.cfg --section donor_GT    --format DONOR 
/opt/biosoft/gmes_linux_64/gmes_petap.pl : [Sat Apr 25 15:07:42 2020] /opt/biosoft/gmes_linux_64/make_nt_freq_mat.pl --cfg /home/gqx/2020_CCPRD_yeast/4_MS_database/CCPRD/genome_denovo/GeneMark-ES/run.cfg --section acceptor_AG --format ACCEPTOR 
/opt/biosoft/gmes_linux_64/gmes_petap.pl : [Sat Apr 25 15:07:42 2020] /opt/biosoft/gmes_linux_64/probuild --cod cod.seq --non non.seq --mkmod_euk mkch    --MKCHAIN_L_MARGING 0  --MKCHAIN_R_MARGING 0  --MKCHAIN_PSEUDOCOUNTS 1  --MKCHAIN_PRECISION 8 --revcomp_non  --ORDM 5 
/opt/biosoft/gmes_linux_64/gmes_petap.pl : [Sat Apr 25 15:07:42 2020] /opt/biosoft/gmes_linux_64/build_mod.pl --cfg /home/gqx/2020_CCPRD_yeast/4_MS_database/CCPRD/genome_denovo/GeneMark-ES/run.cfg --section ES_A --def prev.mod  --out ES_A_1.mod 
/opt/biosoft/gmes_linux_64/gmes_petap.pl : [Sat Apr 25 15:07:42 2020] 17 contigs in training
/opt/biosoft/gmes_linux_64/gmes_petap.pl : [Sat Apr 25 15:08:17 2020] ln -sf /home/gqx/2020_CCPRD_yeast/4_MS_database/CCPRD/genome_denovo/GeneMark-ES/run/ES_A_1/ES_A_1.mod  /home/gqx/2020_CCPRD_yeast/4_MS_database/CCPRD/genome_denovo/GeneMark-ES/run/ES_A_2/prev.mod
/opt/biosoft/gmes_linux_64/gmes_petap.pl : [Sat Apr 25 15:08:17 2020] /opt/biosoft/gmes_linux_64/parse_set.pl --section ES_A --cfg  /home/gqx/2020_CCPRD_yeast/4_MS_database/CCPRD/genome_denovo/GeneMark-ES/run.cfg  --v 
/opt/biosoft/gmes_linux_64/gmes_petap.pl : [Sat Apr 25 15:08:18 2020] /opt/biosoft/gmes_linux_64/make_nt_freq_mat.pl --cfg /home/gqx/2020_CCPRD_yeast/4_MS_database/CCPRD/genome_denovo/GeneMark-ES/run.cfg --section start_ATG   --format INI
/opt/biosoft/gmes_linux_64/gmes_petap.pl : [Sat Apr 25 15:08:18 2020] /opt/biosoft/gmes_linux_64/make_nt_freq_mat.pl --cfg /home/gqx/2020_CCPRD_yeast/4_MS_database/CCPRD/genome_denovo/GeneMark-ES/run.cfg --section stop_TAA    --format TERM_TAA
/opt/biosoft/gmes_linux_64/gmes_petap.pl : [Sat Apr 25 15:08:18 2020] /opt/biosoft/gmes_linux_64/make_nt_freq_mat.pl --cfg /home/gqx/2020_CCPRD_yeast/4_MS_database/CCPRD/genome_denovo/GeneMark-ES/run.cfg --section stop_TAG    --format TERM_TAG
/opt/biosoft/gmes_linux_64/gmes_petap.pl : [Sat Apr 25 15:08:18 2020] /opt/biosoft/gmes_linux_64/make_nt_freq_mat.pl --cfg /home/gqx/2020_CCPRD_yeast/4_MS_database/CCPRD/genome_denovo/GeneMark-ES/run.cfg --section stop_TGA    --format TERM_TGA
/opt/biosoft/gmes_linux_64/gmes_petap.pl : [Sat Apr 25 15:08:19 2020] /opt/biosoft/gmes_linux_64/make_nt_freq_mat.pl --cfg /home/gqx/2020_CCPRD_yeast/4_MS_database/CCPRD/genome_denovo/GeneMark-ES/run.cfg --section donor_GT    --format DONOR 
/opt/biosoft/gmes_linux_64/gmes_petap.pl : [Sat Apr 25 15:08:19 2020] /opt/biosoft/gmes_linux_64/make_nt_freq_mat.pl --cfg /home/gqx/2020_CCPRD_yeast/4_MS_database/CCPRD/genome_denovo/GeneMark-ES/run.cfg --section acceptor_AG --format ACCEPTOR 
/opt/biosoft/gmes_linux_64/gmes_petap.pl : [Sat Apr 25 15:08:20 2020] /opt/biosoft/gmes_linux_64/probuild --cod cod.seq --non non.seq --mkmod_euk mkch    --MKCHAIN_L_MARGING 0  --MKCHAIN_R_MARGING 0  --MKCHAIN_PSEUDOCOUNTS 1  --MKCHAIN_PRECISION 8 --revcomp_non  --ORDM 5 
/opt/biosoft/gmes_linux_64/gmes_petap.pl : [Sat Apr 25 15:08:20 2020] /opt/biosoft/gmes_linux_64/build_mod.pl --cfg /home/gqx/2020_CCPRD_yeast/4_MS_database/CCPRD/genome_denovo/GeneMark-ES/run.cfg --section ES_A --def prev.mod  --out ES_A_2.mod 
/opt/biosoft/gmes_linux_64/gmes_petap.pl : [Sat Apr 25 15:08:20 2020] 17 contigs in training
/opt/biosoft/gmes_linux_64/gmes_petap.pl : [Sat Apr 25 15:08:54 2020] ln -sf /home/gqx/2020_CCPRD_yeast/4_MS_database/CCPRD/genome_denovo/GeneMark-ES/run/ES_A_2/ES_A_2.mod  /home/gqx/2020_CCPRD_yeast/4_MS_database/CCPRD/genome_denovo/GeneMark-ES/run/ES_B_1/prev.mod
/opt/biosoft/gmes_linux_64/gmes_petap.pl : [Sat Apr 25 15:08:55 2020] /opt/biosoft/gmes_linux_64/parse_set.pl --section ES_B --cfg  /home/gqx/2020_CCPRD_yeast/4_MS_database/CCPRD/genome_denovo/GeneMark-ES/run.cfg  --v
/opt/biosoft/gmes_linux_64/gmes_petap.pl : [Sat Apr 25 15:08:55 2020] /opt/biosoft/gmes_linux_64/make_nt_freq_mat.pl --cfg /home/gqx/2020_CCPRD_yeast/4_MS_database/CCPRD/genome_denovo/GeneMark-ES/run.cfg --section start_ATG   --format INI
/opt/biosoft/gmes_linux_64/gmes_petap.pl : [Sat Apr 25 15:08:55 2020] /opt/biosoft/gmes_linux_64/make_nt_freq_mat.pl --cfg /home/gqx/2020_CCPRD_yeast/4_MS_database/CCPRD/genome_denovo/GeneMark-ES/run.cfg --section stop_TAA    --format TERM_TAA
/opt/biosoft/gmes_linux_64/gmes_petap.pl : [Sat Apr 25 15:08:56 2020] /opt/biosoft/gmes_linux_64/make_nt_freq_mat.pl --cfg /home/gqx/2020_CCPRD_yeast/4_MS_database/CCPRD/genome_denovo/GeneMark-ES/run.cfg --section stop_TAG    --format TERM_TAG
/opt/biosoft/gmes_linux_64/gmes_petap.pl : [Sat Apr 25 15:08:56 2020] /opt/biosoft/gmes_linux_64/make_nt_freq_mat.pl --cfg /home/gqx/2020_CCPRD_yeast/4_MS_database/CCPRD/genome_denovo/GeneMark-ES/run.cfg --section stop_TGA    --format TERM_TGA
/opt/biosoft/gmes_linux_64/gmes_petap.pl : [Sat Apr 25 15:08:56 2020] /opt/biosoft/gmes_linux_64/make_nt_freq_mat.pl --cfg /home/gqx/2020_CCPRD_yeast/4_MS_database/CCPRD/genome_denovo/GeneMark-ES/run.cfg --section donor_GT    --format DONOR_0    --phase 0 
/opt/biosoft/gmes_linux_64/gmes_petap.pl : [Sat Apr 25 15:08:56 2020] /opt/biosoft/gmes_linux_64/make_nt_freq_mat.pl --cfg /home/gqx/2020_CCPRD_yeast/4_MS_database/CCPRD/genome_denovo/GeneMark-ES/run.cfg --section acceptor_AG --format ACCEPTOR_0 --phase 0 
/opt/biosoft/gmes_linux_64/gmes_petap.pl : [Sat Apr 25 15:08:56 2020]  cat  GT.mat > donor.mat 
/opt/biosoft/gmes_linux_64/gmes_petap.pl : [Sat Apr 25 15:08:56 2020]  cat  AG.mat > acceptor.mat 
/opt/biosoft/gmes_linux_64/gmes_petap.pl : [Sat Apr 25 15:08:57 2020] /opt/biosoft/gmes_linux_64/make_nt_freq_mat.pl --cfg /home/gqx/2020_CCPRD_yeast/4_MS_database/CCPRD/genome_denovo/GeneMark-ES/run.cfg --section donor_GT    --format DONOR_1    --phase 1 
/opt/biosoft/gmes_linux_64/gmes_petap.pl : [Sat Apr 25 15:08:57 2020] /opt/biosoft/gmes_linux_64/make_nt_freq_mat.pl --cfg /home/gqx/2020_CCPRD_yeast/4_MS_database/CCPRD/genome_denovo/GeneMark-ES/run.cfg --section acceptor_AG --format ACCEPTOR_1 --phase 1 
/opt/biosoft/gmes_linux_64/gmes_petap.pl : [Sat Apr 25 15:08:57 2020]  cat  GT.mat >> donor.mat 
/opt/biosoft/gmes_linux_64/gmes_petap.pl : [Sat Apr 25 15:08:57 2020]  cat  AG.mat >> acceptor.mat 
/opt/biosoft/gmes_linux_64/gmes_petap.pl : [Sat Apr 25 15:08:57 2020] /opt/biosoft/gmes_linux_64/make_nt_freq_mat.pl --cfg /home/gqx/2020_CCPRD_yeast/4_MS_database/CCPRD/genome_denovo/GeneMark-ES/run.cfg --section donor_GT    --format DONOR_2    --phase 2 
/opt/biosoft/gmes_linux_64/gmes_petap.pl : [Sat Apr 25 15:08:57 2020] /opt/biosoft/gmes_linux_64/make_nt_freq_mat.pl --cfg /home/gqx/2020_CCPRD_yeast/4_MS_database/CCPRD/genome_denovo/GeneMark-ES/run.cfg --section acceptor_AG --format ACCEPTOR_2 --phase 2 
/opt/biosoft/gmes_linux_64/gmes_petap.pl : [Sat Apr 25 15:08:57 2020]  cat  GT.mat >> donor.mat 
/opt/biosoft/gmes_linux_64/gmes_petap.pl : [Sat Apr 25 15:08:57 2020]  cat  AG.mat >> acceptor.mat 
/opt/biosoft/gmes_linux_64/gmes_petap.pl : [Sat Apr 25 15:08:57 2020]  mv donor.mat     GT.mat 
/opt/biosoft/gmes_linux_64/gmes_petap.pl : [Sat Apr 25 15:08:57 2020]  mv acceptor.mat  AG.mat 
/opt/biosoft/gmes_linux_64/gmes_petap.pl : [Sat Apr 25 15:08:58 2020] /opt/biosoft/gmes_linux_64/probuild --cod cod.seq --non non.seq --mkmod_euk mkch    --MKCHAIN_L_MARGING 0  --MKCHAIN_R_MARGING 0  --MKCHAIN_PSEUDOCOUNTS 1  --MKCHAIN_PRECISION 8 --revcomp_non  --ORDM 5 
/opt/biosoft/gmes_linux_64/gmes_petap.pl : [Sat Apr 25 15:08:58 2020] /opt/biosoft/gmes_linux_64/histogram.pl --cfg /home/gqx/2020_CCPRD_yeast/4_MS_database/CCPRD/genome_denovo/GeneMark-ES/run.cfg --section intron_DUR
/opt/biosoft/gmes_linux_64/gmes_petap.pl : [Sat Apr 25 15:09:00 2020] /opt/biosoft/gmes_linux_64/histogram.pl --cfg /home/gqx/2020_CCPRD_yeast/4_MS_database/CCPRD/genome_denovo/GeneMark-ES/run.cfg --section initial_DUR
/opt/biosoft/gmes_linux_64/gmes_petap.pl : [Sat Apr 25 15:09:02 2020] /opt/biosoft/gmes_linux_64/histogram.pl --cfg /home/gqx/2020_CCPRD_yeast/4_MS_database/CCPRD/genome_denovo/GeneMark-ES/run.cfg --section internal_DUR
/opt/biosoft/gmes_linux_64/gmes_petap.pl : [Sat Apr 25 15:09:03 2020] /opt/biosoft/gmes_linux_64/histogram.pl --cfg /home/gqx/2020_CCPRD_yeast/4_MS_database/CCPRD/genome_denovo/GeneMark-ES/run.cfg --section terminal_DUR
/opt/biosoft/gmes_linux_64/gmes_petap.pl : [Sat Apr 25 15:09:04 2020] /opt/biosoft/gmes_linux_64/histogram.pl --cfg /home/gqx/2020_CCPRD_yeast/4_MS_database/CCPRD/genome_denovo/GeneMark-ES/run.cfg --section single_DUR
/opt/biosoft/gmes_linux_64/gmes_petap.pl : [Sat Apr 25 15:09:04 2020] /opt/biosoft/gmes_linux_64/build_mod.pl --cfg /home/gqx/2020_CCPRD_yeast/4_MS_database/CCPRD/genome_denovo/GeneMark-ES/run.cfg --section ES_B --def prev.mod  --out ES_B_1.mod 
/opt/biosoft/gmes_linux_64/gmes_petap.pl : [Sat Apr 25 15:09:04 2020] 17 contigs in training
/opt/biosoft/gmes_linux_64/gmes_petap.pl : [Sat Apr 25 15:09:39 2020] ln -sf /home/gqx/2020_CCPRD_yeast/4_MS_database/CCPRD/genome_denovo/GeneMark-ES/run/ES_B_1/ES_B_1.mod  /home/gqx/2020_CCPRD_yeast/4_MS_database/CCPRD/genome_denovo/GeneMark-ES/run/ES_C_1/prev.mod
/opt/biosoft/gmes_linux_64/gmes_petap.pl : [Sat Apr 25 15:09:40 2020] /opt/biosoft/gmes_linux_64/parse_set.pl --section ES_C --cfg  /home/gqx/2020_CCPRD_yeast/4_MS_database/CCPRD/genome_denovo/GeneMark-ES/run.cfg  --v
/opt/biosoft/gmes_linux_64/gmes_petap.pl : [Sat Apr 25 15:09:40 2020] /opt/biosoft/gmes_linux_64/make_nt_freq_mat.pl --cfg /home/gqx/2020_CCPRD_yeast/4_MS_database/CCPRD/genome_denovo/GeneMark-ES/run.cfg --section start_ATG   --format INI
/opt/biosoft/gmes_linux_64/gmes_petap.pl : [Sat Apr 25 15:09:40 2020] /opt/biosoft/gmes_linux_64/make_nt_freq_mat.pl --cfg /home/gqx/2020_CCPRD_yeast/4_MS_database/CCPRD/genome_denovo/GeneMark-ES/run.cfg --section stop_TAA    --format TERM_TAA
/opt/biosoft/gmes_linux_64/gmes_petap.pl : [Sat Apr 25 15:09:40 2020] /opt/biosoft/gmes_linux_64/make_nt_freq_mat.pl --cfg /home/gqx/2020_CCPRD_yeast/4_MS_database/CCPRD/genome_denovo/GeneMark-ES/run.cfg --section stop_TAG    --format TERM_TAG
/opt/biosoft/gmes_linux_64/gmes_petap.pl : [Sat Apr 25 15:09:41 2020] /opt/biosoft/gmes_linux_64/make_nt_freq_mat.pl --cfg /home/gqx/2020_CCPRD_yeast/4_MS_database/CCPRD/genome_denovo/GeneMark-ES/run.cfg --section stop_TGA    --format TERM_TGA
/opt/biosoft/gmes_linux_64/gmes_petap.pl : [Sat Apr 25 15:09:41 2020] /opt/biosoft/gmes_linux_64/make_nt_freq_mat.pl --cfg /home/gqx/2020_CCPRD_yeast/4_MS_database/CCPRD/genome_denovo/GeneMark-ES/run.cfg --section donor_GT    --format DONOR_0    --phase 0  --quiet
/opt/biosoft/gmes_linux_64/gmes_petap.pl : [Sat Apr 25 15:09:41 2020] /opt/biosoft/gmes_linux_64/make_nt_freq_mat.pl --cfg /home/gqx/2020_CCPRD_yeast/4_MS_database/CCPRD/genome_denovo/GeneMark-ES/run.cfg --section acceptor_AG --format ACCEPTOR_0 --phase 0 
/opt/biosoft/gmes_linux_64/gmes_petap.pl : [Sat Apr 25 15:09:41 2020]  cat  GT.mat > donor.mat 
/opt/biosoft/gmes_linux_64/gmes_petap.pl : [Sat Apr 25 15:09:41 2020]  cat  AG.mat > acceptor.mat 
/opt/biosoft/gmes_linux_64/gmes_petap.pl : [Sat Apr 25 15:09:41 2020] /opt/biosoft/gmes_linux_64/make_nt_freq_mat.pl --cfg /home/gqx/2020_CCPRD_yeast/4_MS_database/CCPRD/genome_denovo/GeneMark-ES/run.cfg --section donor_GT    --format DONOR_1    --phase 1  --quiet
/opt/biosoft/gmes_linux_64/gmes_petap.pl : [Sat Apr 25 15:09:42 2020] /opt/biosoft/gmes_linux_64/make_nt_freq_mat.pl --cfg /home/gqx/2020_CCPRD_yeast/4_MS_database/CCPRD/genome_denovo/GeneMark-ES/run.cfg --section acceptor_AG --format ACCEPTOR_1 --phase 1 
/opt/biosoft/gmes_linux_64/gmes_petap.pl : [Sat Apr 25 15:09:42 2020]  cat  GT.mat >> donor.mat 
/opt/biosoft/gmes_linux_64/gmes_petap.pl : [Sat Apr 25 15:09:42 2020]  cat  AG.mat >> acceptor.mat 
/opt/biosoft/gmes_linux_64/gmes_petap.pl : [Sat Apr 25 15:09:42 2020] /opt/biosoft/gmes_linux_64/make_nt_freq_mat.pl --cfg /home/gqx/2020_CCPRD_yeast/4_MS_database/CCPRD/genome_denovo/GeneMark-ES/run.cfg --section donor_GT    --format DONOR_2    --phase 2  --quiet
/opt/biosoft/gmes_linux_64/gmes_petap.pl : [Sat Apr 25 15:09:42 2020] /opt/biosoft/gmes_linux_64/make_nt_freq_mat.pl --cfg /home/gqx/2020_CCPRD_yeast/4_MS_database/CCPRD/genome_denovo/GeneMark-ES/run.cfg --section acceptor_AG --format ACCEPTOR_2 --phase 2 
/opt/biosoft/gmes_linux_64/gmes_petap.pl : [Sat Apr 25 15:09:42 2020]  cat  GT.mat >> donor.mat 
/opt/biosoft/gmes_linux_64/gmes_petap.pl : [Sat Apr 25 15:09:42 2020]  cat  AG.mat >> acceptor.mat 
/opt/biosoft/gmes_linux_64/gmes_petap.pl : [Sat Apr 25 15:09:42 2020]  mv donor.mat     GT.mat 
/opt/biosoft/gmes_linux_64/gmes_petap.pl : [Sat Apr 25 15:09:42 2020]  mv acceptor.mat  AG.mat 
/opt/biosoft/gmes_linux_64/gmes_petap.pl : [Sat Apr 25 15:09:42 2020] /opt/biosoft/gmes_linux_64/make_nt_freq_mat.pl  --cfg /home/gqx/2020_CCPRD_yeast/4_MS_database/CCPRD/genome_denovo/GeneMark-ES/run.cfg  --section donor_GC  --format DONOR_GC_0  --phase 0  --force
/opt/biosoft/gmes_linux_64/gmes_petap.pl : [Sat Apr 25 15:09:42 2020]  cat  GC.mat > donor_GC.mat 
/opt/biosoft/gmes_linux_64/gmes_petap.pl : [Sat Apr 25 15:09:42 2020] /opt/biosoft/gmes_linux_64/make_nt_freq_mat.pl  --cfg /home/gqx/2020_CCPRD_yeast/4_MS_database/CCPRD/genome_denovo/GeneMark-ES/run.cfg  --section donor_GC  --format DONOR_GC_1  --phase 1  --force
/opt/biosoft/gmes_linux_64/gmes_petap.pl : [Sat Apr 25 15:09:42 2020]  cat  GC.mat >> donor_GC.mat 
/opt/biosoft/gmes_linux_64/gmes_petap.pl : [Sat Apr 25 15:09:43 2020] /opt/biosoft/gmes_linux_64/make_nt_freq_mat.pl  --cfg /home/gqx/2020_CCPRD_yeast/4_MS_database/CCPRD/genome_denovo/GeneMark-ES/run.cfg  --section donor_GC  --format DONOR_GC_2  --phase 2  --force
/opt/biosoft/gmes_linux_64/gmes_petap.pl : [Sat Apr 25 15:09:43 2020]  cat  GC.mat >> donor_GC.mat 
/opt/biosoft/gmes_linux_64/gmes_petap.pl : [Sat Apr 25 15:09:43 2020]  mv donor_GC.mat GC.mat 
/opt/biosoft/gmes_linux_64/gmes_petap.pl : [Sat Apr 25 15:09:43 2020] /opt/biosoft/gmes_linux_64/probuild --cod cod.seq --non non.seq --mkmod_euk mkch    --MKCHAIN_L_MARGING 0  --MKCHAIN_R_MARGING 0  --MKCHAIN_PSEUDOCOUNTS 1  --MKCHAIN_PRECISION 8 --revcomp_non  --ORDM 5 
/opt/biosoft/gmes_linux_64/gmes_petap.pl : [Sat Apr 25 15:09:44 2020] /opt/biosoft/gmes_linux_64/histogram.pl --cfg /home/gqx/2020_CCPRD_yeast/4_MS_database/CCPRD/genome_denovo/GeneMark-ES/run.cfg --section intron_DUR
/opt/biosoft/gmes_linux_64/gmes_petap.pl : [Sat Apr 25 15:09:46 2020] /opt/biosoft/gmes_linux_64/histogram.pl --cfg /home/gqx/2020_CCPRD_yeast/4_MS_database/CCPRD/genome_denovo/GeneMark-ES/run.cfg --section initial_DUR
/opt/biosoft/gmes_linux_64/gmes_petap.pl : [Sat Apr 25 15:09:47 2020] /opt/biosoft/gmes_linux_64/histogram.pl --cfg /home/gqx/2020_CCPRD_yeast/4_MS_database/CCPRD/genome_denovo/GeneMark-ES/run.cfg --section internal_DUR
/opt/biosoft/gmes_linux_64/gmes_petap.pl : [Sat Apr 25 15:09:49 2020] /opt/biosoft/gmes_linux_64/histogram.pl --cfg /home/gqx/2020_CCPRD_yeast/4_MS_database/CCPRD/genome_denovo/GeneMark-ES/run.cfg --section terminal_DUR
/opt/biosoft/gmes_linux_64/gmes_petap.pl : [Sat Apr 25 15:09:50 2020] /opt/biosoft/gmes_linux_64/histogram.pl --cfg /home/gqx/2020_CCPRD_yeast/4_MS_database/CCPRD/genome_denovo/GeneMark-ES/run.cfg --section single_DUR
/opt/biosoft/gmes_linux_64/gmes_petap.pl : [Sat Apr 25 15:09:50 2020] /opt/biosoft/gmes_linux_64/make_nt_freq_mat.pl --cfg /home/gqx/2020_CCPRD_yeast/4_MS_database/CCPRD/genome_denovo/GeneMark-ES/run.cfg --section acceptor_short_AG --format ACC_BP_0 --phase 0 
/opt/biosoft/gmes_linux_64/gmes_petap.pl : [Sat Apr 25 15:09:50 2020]  cat AG_SHORT.mat >  acceptor_short.mat 
/opt/biosoft/gmes_linux_64/gmes_petap.pl : [Sat Apr 25 15:09:50 2020] /opt/biosoft/gmes_linux_64/make_nt_freq_mat.pl --cfg /home/gqx/2020_CCPRD_yeast/4_MS_database/CCPRD/genome_denovo/GeneMark-ES/run.cfg --section acceptor_short_AG --format ACC_BP_1 --phase 1 
/opt/biosoft/gmes_linux_64/gmes_petap.pl : [Sat Apr 25 15:09:50 2020]  cat AG_SHORT.mat >> acceptor_short.mat 
/opt/biosoft/gmes_linux_64/gmes_petap.pl : [Sat Apr 25 15:09:50 2020] /opt/biosoft/gmes_linux_64/make_nt_freq_mat.pl --cfg /home/gqx/2020_CCPRD_yeast/4_MS_database/CCPRD/genome_denovo/GeneMark-ES/run.cfg --section acceptor_short_AG --format ACC_BP_2 --phase 2 
/opt/biosoft/gmes_linux_64/gmes_petap.pl : [Sat Apr 25 15:09:50 2020]  cat AG_SHORT.mat >> acceptor_short.mat 
/opt/biosoft/gmes_linux_64/gmes_petap.pl : [Sat Apr 25 15:09:50 2020]  mv acceptor_short.mat  AG_SHORT.mat 
/opt/biosoft/gmes_linux_64/gmes_petap.pl : [Sat Apr 25 15:09:50 2020] /opt/biosoft/gmes_linux_64/bp_seq_select.pl --seq_in bp_region.seq --seq_out gibbs.seq  --max_seq 4000  --bp_region_length  50  --min_bp_region_length 40 
/opt/biosoft/gmes_linux_64/gmes_petap.pl : [Sat Apr 25 15:09:57 2020] /opt/biosoft/gmes_linux_64/Gibbs3  gibbs.seq  9 -n -r -o gibbs.out -nopt -m -w 0.001 -Z  -s 1 -P /opt/biosoft/gmes_linux_64/prior.bp -F
/opt/biosoft/gmes_linux_64/gmes_petap.pl : [Sat Apr 25 15:09:57 2020] /opt/biosoft/gmes_linux_64/parse_gibbs.pl --seq gibbs.seq  --gibbs gibbs.out --motif_seq bp.seq  --spacer_len spacer.len  --spacer_seq spacer.seq  --tr transition_bp.mod  
/opt/biosoft/gmes_linux_64/gmes_petap.pl : [Sat Apr 25 15:09:57 2020] /opt/biosoft/gmes_linux_64/make_nt_freq_mat.pl --cfg /home/gqx/2020_CCPRD_yeast/4_MS_database/CCPRD/genome_denovo/GeneMark-ES/run.cfg --section branch_point --format BRANCH 
/opt/biosoft/gmes_linux_64/gmes_petap.pl : [Sat Apr 25 15:09:57 2020] /opt/biosoft/gmes_linux_64/histogram.pl --cfg /home/gqx/2020_CCPRD_yeast/4_MS_database/CCPRD/genome_denovo/GeneMark-ES/run.cfg --section spacer_DUR
/opt/biosoft/gmes_linux_64/gmes_petap.pl : [Sat Apr 25 15:09:57 2020] /opt/biosoft/gmes_linux_64/scan_for_bp.pl --seq_in bp_region.seq  --gibbs_in gibbs.out  --pos_out prespacer.len 
/opt/biosoft/gmes_linux_64/gmes_petap.pl : [Sat Apr 25 15:09:58 2020] /opt/biosoft/gmes_linux_64/histogram.pl --cfg /home/gqx/2020_CCPRD_yeast/4_MS_database/CCPRD/genome_denovo/GeneMark-ES/run.cfg --section prespacer_DUR
/opt/biosoft/gmes_linux_64/gmes_petap.pl : [Sat Apr 25 15:09:58 2020] /opt/biosoft/gmes_linux_64/probuild --non spacer.seq --mkmod_non spacer.mkch   --MKCHAIN_L_MARGING 0  --MKCHAIN_R_MARGING 0  --MKCHAIN_PSEUDOCOUNTS 1  --MKCHAIN_PRECISION 6 --ORDM 1 
/opt/biosoft/gmes_linux_64/gmes_petap.pl : [Sat Apr 25 15:09:59 2020] /opt/biosoft/gmes_linux_64/build_mod.pl --cfg /home/gqx/2020_CCPRD_yeast/4_MS_database/CCPRD/genome_denovo/GeneMark-ES/run.cfg --section ES_C --def prev.mod  --out ES_C_1.mod 
/opt/biosoft/gmes_linux_64/gmes_petap.pl : [Sat Apr 25 15:09:59 2020] 17 contigs in training
/opt/biosoft/gmes_linux_64/gmes_petap.pl : [Sat Apr 25 15:11:45 2020] ln -sf /home/gqx/2020_CCPRD_yeast/4_MS_database/CCPRD/genome_denovo/GeneMark-ES/run/ES_C_1/ES_C_1.mod  /home/gqx/2020_CCPRD_yeast/4_MS_database/CCPRD/genome_denovo/GeneMark-ES/run/ES_C_2/prev.mod
/opt/biosoft/gmes_linux_64/gmes_petap.pl : [Sat Apr 25 15:11:46 2020] /opt/biosoft/gmes_linux_64/parse_set.pl --section ES_C --cfg  /home/gqx/2020_CCPRD_yeast/4_MS_database/CCPRD/genome_denovo/GeneMark-ES/run.cfg  --v
/opt/biosoft/gmes_linux_64/gmes_petap.pl : [Sat Apr 25 15:11:46 2020] /opt/biosoft/gmes_linux_64/make_nt_freq_mat.pl --cfg /home/gqx/2020_CCPRD_yeast/4_MS_database/CCPRD/genome_denovo/GeneMark-ES/run.cfg --section start_ATG   --format INI
/opt/biosoft/gmes_linux_64/gmes_petap.pl : [Sat Apr 25 15:11:46 2020] /opt/biosoft/gmes_linux_64/make_nt_freq_mat.pl --cfg /home/gqx/2020_CCPRD_yeast/4_MS_database/CCPRD/genome_denovo/GeneMark-ES/run.cfg --section stop_TAA    --format TERM_TAA
/opt/biosoft/gmes_linux_64/gmes_petap.pl : [Sat Apr 25 15:11:47 2020] /opt/biosoft/gmes_linux_64/make_nt_freq_mat.pl --cfg /home/gqx/2020_CCPRD_yeast/4_MS_database/CCPRD/genome_denovo/GeneMark-ES/run.cfg --section stop_TAG    --format TERM_TAG
/opt/biosoft/gmes_linux_64/gmes_petap.pl : [Sat Apr 25 15:11:47 2020] /opt/biosoft/gmes_linux_64/make_nt_freq_mat.pl --cfg /home/gqx/2020_CCPRD_yeast/4_MS_database/CCPRD/genome_denovo/GeneMark-ES/run.cfg --section stop_TGA    --format TERM_TGA
/opt/biosoft/gmes_linux_64/gmes_petap.pl : [Sat Apr 25 15:11:47 2020] /opt/biosoft/gmes_linux_64/make_nt_freq_mat.pl --cfg /home/gqx/2020_CCPRD_yeast/4_MS_database/CCPRD/genome_denovo/GeneMark-ES/run.cfg --section donor_GT    --format DONOR_0    --phase 0  --quiet
/opt/biosoft/gmes_linux_64/gmes_petap.pl : [Sat Apr 25 15:11:47 2020] /opt/biosoft/gmes_linux_64/make_nt_freq_mat.pl --cfg /home/gqx/2020_CCPRD_yeast/4_MS_database/CCPRD/genome_denovo/GeneMark-ES/run.cfg --section acceptor_AG --format ACCEPTOR_0 --phase 0 
/opt/biosoft/gmes_linux_64/gmes_petap.pl : [Sat Apr 25 15:11:47 2020]  cat  GT.mat > donor.mat 
/opt/biosoft/gmes_linux_64/gmes_petap.pl : [Sat Apr 25 15:11:47 2020]  cat  AG.mat > acceptor.mat 
/opt/biosoft/gmes_linux_64/gmes_petap.pl : [Sat Apr 25 15:11:48 2020] /opt/biosoft/gmes_linux_64/make_nt_freq_mat.pl --cfg /home/gqx/2020_CCPRD_yeast/4_MS_database/CCPRD/genome_denovo/GeneMark-ES/run.cfg --section donor_GT    --format DONOR_1    --phase 1  --quiet
/opt/biosoft/gmes_linux_64/gmes_petap.pl : [Sat Apr 25 15:11:48 2020] /opt/biosoft/gmes_linux_64/make_nt_freq_mat.pl --cfg /home/gqx/2020_CCPRD_yeast/4_MS_database/CCPRD/genome_denovo/GeneMark-ES/run.cfg --section acceptor_AG --format ACCEPTOR_1 --phase 1 
/opt/biosoft/gmes_linux_64/gmes_petap.pl : [Sat Apr 25 15:11:48 2020]  cat  GT.mat >> donor.mat 
/opt/biosoft/gmes_linux_64/gmes_petap.pl : [Sat Apr 25 15:11:48 2020]  cat  AG.mat >> acceptor.mat 
/opt/biosoft/gmes_linux_64/gmes_petap.pl : [Sat Apr 25 15:11:48 2020] /opt/biosoft/gmes_linux_64/make_nt_freq_mat.pl --cfg /home/gqx/2020_CCPRD_yeast/4_MS_database/CCPRD/genome_denovo/GeneMark-ES/run.cfg --section donor_GT    --format DONOR_2    --phase 2  --quiet
/opt/biosoft/gmes_linux_64/gmes_petap.pl : [Sat Apr 25 15:11:48 2020] /opt/biosoft/gmes_linux_64/make_nt_freq_mat.pl --cfg /home/gqx/2020_CCPRD_yeast/4_MS_database/CCPRD/genome_denovo/GeneMark-ES/run.cfg --section acceptor_AG --format ACCEPTOR_2 --phase 2 
/opt/biosoft/gmes_linux_64/gmes_petap.pl : [Sat Apr 25 15:11:48 2020]  cat  GT.mat >> donor.mat 
/opt/biosoft/gmes_linux_64/gmes_petap.pl : [Sat Apr 25 15:11:48 2020]  cat  AG.mat >> acceptor.mat 
/opt/biosoft/gmes_linux_64/gmes_petap.pl : [Sat Apr 25 15:11:48 2020]  mv donor.mat     GT.mat 
/opt/biosoft/gmes_linux_64/gmes_petap.pl : [Sat Apr 25 15:11:48 2020]  mv acceptor.mat  AG.mat 
/opt/biosoft/gmes_linux_64/gmes_petap.pl : [Sat Apr 25 15:11:49 2020] /opt/biosoft/gmes_linux_64/make_nt_freq_mat.pl  --cfg /home/gqx/2020_CCPRD_yeast/4_MS_database/CCPRD/genome_denovo/GeneMark-ES/run.cfg  --section donor_GC  --format DONOR_GC_0  --phase 0  --force
/opt/biosoft/gmes_linux_64/gmes_petap.pl : [Sat Apr 25 15:11:49 2020]  cat  GC.mat > donor_GC.mat 
/opt/biosoft/gmes_linux_64/gmes_petap.pl : [Sat Apr 25 15:11:49 2020] /opt/biosoft/gmes_linux_64/make_nt_freq_mat.pl  --cfg /home/gqx/2020_CCPRD_yeast/4_MS_database/CCPRD/genome_denovo/GeneMark-ES/run.cfg  --section donor_GC  --format DONOR_GC_1  --phase 1  --force
/opt/biosoft/gmes_linux_64/gmes_petap.pl : [Sat Apr 25 15:11:49 2020]  cat  GC.mat >> donor_GC.mat 
/opt/biosoft/gmes_linux_64/gmes_petap.pl : [Sat Apr 25 15:11:49 2020] /opt/biosoft/gmes_linux_64/make_nt_freq_mat.pl  --cfg /home/gqx/2020_CCPRD_yeast/4_MS_database/CCPRD/genome_denovo/GeneMark-ES/run.cfg  --section donor_GC  --format DONOR_GC_2  --phase 2  --force
/opt/biosoft/gmes_linux_64/gmes_petap.pl : [Sat Apr 25 15:11:49 2020]  cat  GC.mat >> donor_GC.mat 
/opt/biosoft/gmes_linux_64/gmes_petap.pl : [Sat Apr 25 15:11:49 2020]  mv donor_GC.mat GC.mat 
/opt/biosoft/gmes_linux_64/gmes_petap.pl : [Sat Apr 25 15:11:50 2020] /opt/biosoft/gmes_linux_64/probuild --cod cod.seq --non non.seq --mkmod_euk mkch    --MKCHAIN_L_MARGING 0  --MKCHAIN_R_MARGING 0  --MKCHAIN_PSEUDOCOUNTS 1  --MKCHAIN_PRECISION 8 --revcomp_non  --ORDM 5 
/opt/biosoft/gmes_linux_64/gmes_petap.pl : [Sat Apr 25 15:11:51 2020] /opt/biosoft/gmes_linux_64/histogram.pl --cfg /home/gqx/2020_CCPRD_yeast/4_MS_database/CCPRD/genome_denovo/GeneMark-ES/run.cfg --section intron_DUR
/opt/biosoft/gmes_linux_64/gmes_petap.pl : [Sat Apr 25 15:11:52 2020] /opt/biosoft/gmes_linux_64/histogram.pl --cfg /home/gqx/2020_CCPRD_yeast/4_MS_database/CCPRD/genome_denovo/GeneMark-ES/run.cfg --section initial_DUR
/opt/biosoft/gmes_linux_64/gmes_petap.pl : [Sat Apr 25 15:11:54 2020] /opt/biosoft/gmes_linux_64/histogram.pl --cfg /home/gqx/2020_CCPRD_yeast/4_MS_database/CCPRD/genome_denovo/GeneMark-ES/run.cfg --section internal_DUR
/opt/biosoft/gmes_linux_64/gmes_petap.pl : [Sat Apr 25 15:11:56 2020] /opt/biosoft/gmes_linux_64/histogram.pl --cfg /home/gqx/2020_CCPRD_yeast/4_MS_database/CCPRD/genome_denovo/GeneMark-ES/run.cfg --section terminal_DUR
/opt/biosoft/gmes_linux_64/gmes_petap.pl : [Sat Apr 25 15:11:57 2020] /opt/biosoft/gmes_linux_64/histogram.pl --cfg /home/gqx/2020_CCPRD_yeast/4_MS_database/CCPRD/genome_denovo/GeneMark-ES/run.cfg --section single_DUR
/opt/biosoft/gmes_linux_64/gmes_petap.pl : [Sat Apr 25 15:11:57 2020] /opt/biosoft/gmes_linux_64/make_nt_freq_mat.pl --cfg /home/gqx/2020_CCPRD_yeast/4_MS_database/CCPRD/genome_denovo/GeneMark-ES/run.cfg --section acceptor_short_AG --format ACC_BP_0 --phase 0 
/opt/biosoft/gmes_linux_64/gmes_petap.pl : [Sat Apr 25 15:11:57 2020]  cat AG_SHORT.mat >  acceptor_short.mat 
/opt/biosoft/gmes_linux_64/gmes_petap.pl : [Sat Apr 25 15:11:57 2020] /opt/biosoft/gmes_linux_64/make_nt_freq_mat.pl --cfg /home/gqx/2020_CCPRD_yeast/4_MS_database/CCPRD/genome_denovo/GeneMark-ES/run.cfg --section acceptor_short_AG --format ACC_BP_1 --phase 1 
/opt/biosoft/gmes_linux_64/gmes_petap.pl : [Sat Apr 25 15:11:57 2020]  cat AG_SHORT.mat >> acceptor_short.mat 
/opt/biosoft/gmes_linux_64/gmes_petap.pl : [Sat Apr 25 15:11:57 2020] /opt/biosoft/gmes_linux_64/make_nt_freq_mat.pl --cfg /home/gqx/2020_CCPRD_yeast/4_MS_database/CCPRD/genome_denovo/GeneMark-ES/run.cfg --section acceptor_short_AG --format ACC_BP_2 --phase 2 
/opt/biosoft/gmes_linux_64/gmes_petap.pl : [Sat Apr 25 15:11:57 2020]  cat AG_SHORT.mat >> acceptor_short.mat 
/opt/biosoft/gmes_linux_64/gmes_petap.pl : [Sat Apr 25 15:11:57 2020]  mv acceptor_short.mat  AG_SHORT.mat 
/opt/biosoft/gmes_linux_64/gmes_petap.pl : [Sat Apr 25 15:11:57 2020] /opt/biosoft/gmes_linux_64/bp_seq_select.pl --seq_in bp_region.seq --seq_out gibbs.seq  --max_seq 4000  --bp_region_length  50  --min_bp_region_length 40 
/opt/biosoft/gmes_linux_64/gmes_petap.pl : [Sat Apr 25 15:12:00 2020] /opt/biosoft/gmes_linux_64/Gibbs3  gibbs.seq  9 -n -r -o gibbs.out -nopt -m -w 0.001 -Z  -s 1 -P /opt/biosoft/gmes_linux_64/prior.bp -F
/opt/biosoft/gmes_linux_64/gmes_petap.pl : [Sat Apr 25 15:12:00 2020] /opt/biosoft/gmes_linux_64/parse_gibbs.pl --seq gibbs.seq  --gibbs gibbs.out --motif_seq bp.seq  --spacer_len spacer.len  --spacer_seq spacer.seq  --tr transition_bp.mod  
/opt/biosoft/gmes_linux_64/gmes_petap.pl : [Sat Apr 25 15:12:01 2020] /opt/biosoft/gmes_linux_64/make_nt_freq_mat.pl --cfg /home/gqx/2020_CCPRD_yeast/4_MS_database/CCPRD/genome_denovo/GeneMark-ES/run.cfg --section branch_point --format BRANCH 
/opt/biosoft/gmes_linux_64/gmes_petap.pl : [Sat Apr 25 15:12:01 2020] /opt/biosoft/gmes_linux_64/histogram.pl --cfg /home/gqx/2020_CCPRD_yeast/4_MS_database/CCPRD/genome_denovo/GeneMark-ES/run.cfg --section spacer_DUR
/opt/biosoft/gmes_linux_64/gmes_petap.pl : [Sat Apr 25 15:12:01 2020] /opt/biosoft/gmes_linux_64/scan_for_bp.pl --seq_in bp_region.seq  --gibbs_in gibbs.out  --pos_out prespacer.len 
/opt/biosoft/gmes_linux_64/gmes_petap.pl : [Sat Apr 25 15:12:02 2020] /opt/biosoft/gmes_linux_64/histogram.pl --cfg /home/gqx/2020_CCPRD_yeast/4_MS_database/CCPRD/genome_denovo/GeneMark-ES/run.cfg --section prespacer_DUR
/opt/biosoft/gmes_linux_64/gmes_petap.pl : [Sat Apr 25 15:12:02 2020] /opt/biosoft/gmes_linux_64/probuild --non spacer.seq --mkmod_non spacer.mkch   --MKCHAIN_L_MARGING 0  --MKCHAIN_R_MARGING 0  --MKCHAIN_PSEUDOCOUNTS 1  --MKCHAIN_PRECISION 6 --ORDM 1 
/opt/biosoft/gmes_linux_64/gmes_petap.pl : [Sat Apr 25 15:12:03 2020] /opt/biosoft/gmes_linux_64/build_mod.pl --cfg /home/gqx/2020_CCPRD_yeast/4_MS_database/CCPRD/genome_denovo/GeneMark-ES/run.cfg --section ES_C --def prev.mod  --out ES_C_2.mod 
/opt/biosoft/gmes_linux_64/gmes_petap.pl : [Sat Apr 25 15:12:03 2020] 17 contigs in training
/opt/biosoft/gmes_linux_64/gmes_petap.pl : [Sat Apr 25 15:13:48 2020] ln -sf /home/gqx/2020_CCPRD_yeast/4_MS_database/CCPRD/genome_denovo/GeneMark-ES/run/ES_C_2/ES_C_2.mod  /home/gqx/2020_CCPRD_yeast/4_MS_database/CCPRD/genome_denovo/GeneMark-ES/run/ES_C_3/prev.mod
/opt/biosoft/gmes_linux_64/gmes_petap.pl : [Sat Apr 25 15:13:49 2020] /opt/biosoft/gmes_linux_64/parse_set.pl --section ES_C --cfg  /home/gqx/2020_CCPRD_yeast/4_MS_database/CCPRD/genome_denovo/GeneMark-ES/run.cfg  --v
/opt/biosoft/gmes_linux_64/gmes_petap.pl : [Sat Apr 25 15:13:49 2020] /opt/biosoft/gmes_linux_64/make_nt_freq_mat.pl --cfg /home/gqx/2020_CCPRD_yeast/4_MS_database/CCPRD/genome_denovo/GeneMark-ES/run.cfg --section start_ATG   --format INI
/opt/biosoft/gmes_linux_64/gmes_petap.pl : [Sat Apr 25 15:13:49 2020] /opt/biosoft/gmes_linux_64/make_nt_freq_mat.pl --cfg /home/gqx/2020_CCPRD_yeast/4_MS_database/CCPRD/genome_denovo/GeneMark-ES/run.cfg --section stop_TAA    --format TERM_TAA
/opt/biosoft/gmes_linux_64/gmes_petap.pl : [Sat Apr 25 15:13:50 2020] /opt/biosoft/gmes_linux_64/make_nt_freq_mat.pl --cfg /home/gqx/2020_CCPRD_yeast/4_MS_database/CCPRD/genome_denovo/GeneMark-ES/run.cfg --section stop_TAG    --format TERM_TAG
/opt/biosoft/gmes_linux_64/gmes_petap.pl : [Sat Apr 25 15:13:50 2020] /opt/biosoft/gmes_linux_64/make_nt_freq_mat.pl --cfg /home/gqx/2020_CCPRD_yeast/4_MS_database/CCPRD/genome_denovo/GeneMark-ES/run.cfg --section stop_TGA    --format TERM_TGA
/opt/biosoft/gmes_linux_64/gmes_petap.pl : [Sat Apr 25 15:13:50 2020] /opt/biosoft/gmes_linux_64/make_nt_freq_mat.pl --cfg /home/gqx/2020_CCPRD_yeast/4_MS_database/CCPRD/genome_denovo/GeneMark-ES/run.cfg --section donor_GT    --format DONOR_0    --phase 0  --quiet
/opt/biosoft/gmes_linux_64/gmes_petap.pl : [Sat Apr 25 15:13:50 2020] /opt/biosoft/gmes_linux_64/make_nt_freq_mat.pl --cfg /home/gqx/2020_CCPRD_yeast/4_MS_database/CCPRD/genome_denovo/GeneMark-ES/run.cfg --section acceptor_AG --format ACCEPTOR_0 --phase 0 
/opt/biosoft/gmes_linux_64/gmes_petap.pl : [Sat Apr 25 15:13:50 2020]  cat  GT.mat > donor.mat 
/opt/biosoft/gmes_linux_64/gmes_petap.pl : [Sat Apr 25 15:13:50 2020]  cat  AG.mat > acceptor.mat 
/opt/biosoft/gmes_linux_64/gmes_petap.pl : [Sat Apr 25 15:13:50 2020] /opt/biosoft/gmes_linux_64/make_nt_freq_mat.pl --cfg /home/gqx/2020_CCPRD_yeast/4_MS_database/CCPRD/genome_denovo/GeneMark-ES/run.cfg --section donor_GT    --format DONOR_1    --phase 1  --quiet
/opt/biosoft/gmes_linux_64/gmes_petap.pl : [Sat Apr 25 15:13:51 2020] /opt/biosoft/gmes_linux_64/make_nt_freq_mat.pl --cfg /home/gqx/2020_CCPRD_yeast/4_MS_database/CCPRD/genome_denovo/GeneMark-ES/run.cfg --section acceptor_AG --format ACCEPTOR_1 --phase 1 
/opt/biosoft/gmes_linux_64/gmes_petap.pl : [Sat Apr 25 15:13:51 2020]  cat  GT.mat >> donor.mat 
/opt/biosoft/gmes_linux_64/gmes_petap.pl : [Sat Apr 25 15:13:51 2020]  cat  AG.mat >> acceptor.mat 
/opt/biosoft/gmes_linux_64/gmes_petap.pl : [Sat Apr 25 15:13:51 2020] /opt/biosoft/gmes_linux_64/make_nt_freq_mat.pl --cfg /home/gqx/2020_CCPRD_yeast/4_MS_database/CCPRD/genome_denovo/GeneMark-ES/run.cfg --section donor_GT    --format DONOR_2    --phase 2  --quiet
/opt/biosoft/gmes_linux_64/gmes_petap.pl : [Sat Apr 25 15:13:51 2020] /opt/biosoft/gmes_linux_64/make_nt_freq_mat.pl --cfg /home/gqx/2020_CCPRD_yeast/4_MS_database/CCPRD/genome_denovo/GeneMark-ES/run.cfg --section acceptor_AG --format ACCEPTOR_2 --phase 2 
/opt/biosoft/gmes_linux_64/gmes_petap.pl : [Sat Apr 25 15:13:51 2020]  cat  GT.mat >> donor.mat 
/opt/biosoft/gmes_linux_64/gmes_petap.pl : [Sat Apr 25 15:13:51 2020]  cat  AG.mat >> acceptor.mat 
/opt/biosoft/gmes_linux_64/gmes_petap.pl : [Sat Apr 25 15:13:51 2020]  mv donor.mat     GT.mat 
/opt/biosoft/gmes_linux_64/gmes_petap.pl : [Sat Apr 25 15:13:51 2020]  mv acceptor.mat  AG.mat 
/opt/biosoft/gmes_linux_64/gmes_petap.pl : [Sat Apr 25 15:13:51 2020] /opt/biosoft/gmes_linux_64/make_nt_freq_mat.pl  --cfg /home/gqx/2020_CCPRD_yeast/4_MS_database/CCPRD/genome_denovo/GeneMark-ES/run.cfg  --section donor_GC  --format DONOR_GC_0  --phase 0  --force
/opt/biosoft/gmes_linux_64/gmes_petap.pl : [Sat Apr 25 15:13:51 2020]  cat  GC.mat > donor_GC.mat 
/opt/biosoft/gmes_linux_64/gmes_petap.pl : [Sat Apr 25 15:13:52 2020] /opt/biosoft/gmes_linux_64/make_nt_freq_mat.pl  --cfg /home/gqx/2020_CCPRD_yeast/4_MS_database/CCPRD/genome_denovo/GeneMark-ES/run.cfg  --section donor_GC  --format DONOR_GC_1  --phase 1  --force
/opt/biosoft/gmes_linux_64/gmes_petap.pl : [Sat Apr 25 15:13:52 2020]  cat  GC.mat >> donor_GC.mat 
/opt/biosoft/gmes_linux_64/gmes_petap.pl : [Sat Apr 25 15:13:52 2020] /opt/biosoft/gmes_linux_64/make_nt_freq_mat.pl  --cfg /home/gqx/2020_CCPRD_yeast/4_MS_database/CCPRD/genome_denovo/GeneMark-ES/run.cfg  --section donor_GC  --format DONOR_GC_2  --phase 2  --force
/opt/biosoft/gmes_linux_64/gmes_petap.pl : [Sat Apr 25 15:13:52 2020]  cat  GC.mat >> donor_GC.mat 
/opt/biosoft/gmes_linux_64/gmes_petap.pl : [Sat Apr 25 15:13:52 2020]  mv donor_GC.mat GC.mat 
/opt/biosoft/gmes_linux_64/gmes_petap.pl : [Sat Apr 25 15:13:52 2020] /opt/biosoft/gmes_linux_64/probuild --cod cod.seq --non non.seq --mkmod_euk mkch    --MKCHAIN_L_MARGING 0  --MKCHAIN_R_MARGING 0  --MKCHAIN_PSEUDOCOUNTS 1  --MKCHAIN_PRECISION 8 --revcomp_non  --ORDM 5 
/opt/biosoft/gmes_linux_64/gmes_petap.pl : [Sat Apr 25 15:13:54 2020] /opt/biosoft/gmes_linux_64/histogram.pl --cfg /home/gqx/2020_CCPRD_yeast/4_MS_database/CCPRD/genome_denovo/GeneMark-ES/run.cfg --section intron_DUR
/opt/biosoft/gmes_linux_64/gmes_petap.pl : [Sat Apr 25 15:13:55 2020] /opt/biosoft/gmes_linux_64/histogram.pl --cfg /home/gqx/2020_CCPRD_yeast/4_MS_database/CCPRD/genome_denovo/GeneMark-ES/run.cfg --section initial_DUR
/opt/biosoft/gmes_linux_64/gmes_petap.pl : [Sat Apr 25 15:13:57 2020] /opt/biosoft/gmes_linux_64/histogram.pl --cfg /home/gqx/2020_CCPRD_yeast/4_MS_database/CCPRD/genome_denovo/GeneMark-ES/run.cfg --section internal_DUR
/opt/biosoft/gmes_linux_64/gmes_petap.pl : [Sat Apr 25 15:13:59 2020] /opt/biosoft/gmes_linux_64/histogram.pl --cfg /home/gqx/2020_CCPRD_yeast/4_MS_database/CCPRD/genome_denovo/GeneMark-ES/run.cfg --section terminal_DUR
/opt/biosoft/gmes_linux_64/gmes_petap.pl : [Sat Apr 25 15:14:00 2020] /opt/biosoft/gmes_linux_64/histogram.pl --cfg /home/gqx/2020_CCPRD_yeast/4_MS_database/CCPRD/genome_denovo/GeneMark-ES/run.cfg --section single_DUR
/opt/biosoft/gmes_linux_64/gmes_petap.pl : [Sat Apr 25 15:14:00 2020] /opt/biosoft/gmes_linux_64/make_nt_freq_mat.pl --cfg /home/gqx/2020_CCPRD_yeast/4_MS_database/CCPRD/genome_denovo/GeneMark-ES/run.cfg --section acceptor_short_AG --format ACC_BP_0 --phase 0 
/opt/biosoft/gmes_linux_64/gmes_petap.pl : [Sat Apr 25 15:14:00 2020]  cat AG_SHORT.mat >  acceptor_short.mat 
/opt/biosoft/gmes_linux_64/gmes_petap.pl : [Sat Apr 25 15:14:00 2020] /opt/biosoft/gmes_linux_64/make_nt_freq_mat.pl --cfg /home/gqx/2020_CCPRD_yeast/4_MS_database/CCPRD/genome_denovo/GeneMark-ES/run.cfg --section acceptor_short_AG --format ACC_BP_1 --phase 1 
/opt/biosoft/gmes_linux_64/gmes_petap.pl : [Sat Apr 25 15:14:00 2020]  cat AG_SHORT.mat >> acceptor_short.mat 
/opt/biosoft/gmes_linux_64/gmes_petap.pl : [Sat Apr 25 15:14:00 2020] /opt/biosoft/gmes_linux_64/make_nt_freq_mat.pl --cfg /home/gqx/2020_CCPRD_yeast/4_MS_database/CCPRD/genome_denovo/GeneMark-ES/run.cfg --section acceptor_short_AG --format ACC_BP_2 --phase 2 
/opt/biosoft/gmes_linux_64/gmes_petap.pl : [Sat Apr 25 15:14:00 2020]  cat AG_SHORT.mat >> acceptor_short.mat 
/opt/biosoft/gmes_linux_64/gmes_petap.pl : [Sat Apr 25 15:14:00 2020]  mv acceptor_short.mat  AG_SHORT.mat 
/opt/biosoft/gmes_linux_64/gmes_petap.pl : [Sat Apr 25 15:14:00 2020] /opt/biosoft/gmes_linux_64/bp_seq_select.pl --seq_in bp_region.seq --seq_out gibbs.seq  --max_seq 4000  --bp_region_length  50  --min_bp_region_length 40 
/opt/biosoft/gmes_linux_64/gmes_petap.pl : [Sat Apr 25 15:14:03 2020] /opt/biosoft/gmes_linux_64/Gibbs3  gibbs.seq  9 -n -r -o gibbs.out -nopt -m -w 0.001 -Z  -s 1 -P /opt/biosoft/gmes_linux_64/prior.bp -F
/opt/biosoft/gmes_linux_64/gmes_petap.pl : [Sat Apr 25 15:14:03 2020] /opt/biosoft/gmes_linux_64/parse_gibbs.pl --seq gibbs.seq  --gibbs gibbs.out --motif_seq bp.seq  --spacer_len spacer.len  --spacer_seq spacer.seq  --tr transition_bp.mod  
/opt/biosoft/gmes_linux_64/gmes_petap.pl : [Sat Apr 25 15:14:03 2020] /opt/biosoft/gmes_linux_64/make_nt_freq_mat.pl --cfg /home/gqx/2020_CCPRD_yeast/4_MS_database/CCPRD/genome_denovo/GeneMark-ES/run.cfg --section branch_point --format BRANCH 
/opt/biosoft/gmes_linux_64/gmes_petap.pl : [Sat Apr 25 15:14:03 2020] /opt/biosoft/gmes_linux_64/histogram.pl --cfg /home/gqx/2020_CCPRD_yeast/4_MS_database/CCPRD/genome_denovo/GeneMark-ES/run.cfg --section spacer_DUR
/opt/biosoft/gmes_linux_64/gmes_petap.pl : [Sat Apr 25 15:14:03 2020] /opt/biosoft/gmes_linux_64/scan_for_bp.pl --seq_in bp_region.seq  --gibbs_in gibbs.out  --pos_out prespacer.len 
/opt/biosoft/gmes_linux_64/gmes_petap.pl : [Sat Apr 25 15:14:05 2020] /opt/biosoft/gmes_linux_64/histogram.pl --cfg /home/gqx/2020_CCPRD_yeast/4_MS_database/CCPRD/genome_denovo/GeneMark-ES/run.cfg --section prespacer_DUR
/opt/biosoft/gmes_linux_64/gmes_petap.pl : [Sat Apr 25 15:14:05 2020] /opt/biosoft/gmes_linux_64/probuild --non spacer.seq --mkmod_non spacer.mkch   --MKCHAIN_L_MARGING 0  --MKCHAIN_R_MARGING 0  --MKCHAIN_PSEUDOCOUNTS 1  --MKCHAIN_PRECISION 6 --ORDM 1 
/opt/biosoft/gmes_linux_64/gmes_petap.pl : [Sat Apr 25 15:14:05 2020] /opt/biosoft/gmes_linux_64/build_mod.pl --cfg /home/gqx/2020_CCPRD_yeast/4_MS_database/CCPRD/genome_denovo/GeneMark-ES/run.cfg --section ES_C --def prev.mod  --out ES_C_3.mod 
/opt/biosoft/gmes_linux_64/gmes_petap.pl : [Sat Apr 25 15:14:05 2020] 17 contigs in training
/opt/biosoft/gmes_linux_64/gmes_petap.pl : [Sat Apr 25 15:15:50 2020] ln -sf /home/gqx/2020_CCPRD_yeast/4_MS_database/CCPRD/genome_denovo/GeneMark-ES/run/ES_C_3/ES_C_3.mod  /home/gqx/2020_CCPRD_yeast/4_MS_database/CCPRD/genome_denovo/GeneMark-ES/run/ES_C_4/prev.mod
/opt/biosoft/gmes_linux_64/gmes_petap.pl : [Sat Apr 25 15:15:51 2020] /opt/biosoft/gmes_linux_64/parse_set.pl --section ES_C --cfg  /home/gqx/2020_CCPRD_yeast/4_MS_database/CCPRD/genome_denovo/GeneMark-ES/run.cfg  --v
/opt/biosoft/gmes_linux_64/gmes_petap.pl : [Sat Apr 25 15:15:51 2020] /opt/biosoft/gmes_linux_64/make_nt_freq_mat.pl --cfg /home/gqx/2020_CCPRD_yeast/4_MS_database/CCPRD/genome_denovo/GeneMark-ES/run.cfg --section start_ATG   --format INI
/opt/biosoft/gmes_linux_64/gmes_petap.pl : [Sat Apr 25 15:15:52 2020] /opt/biosoft/gmes_linux_64/make_nt_freq_mat.pl --cfg /home/gqx/2020_CCPRD_yeast/4_MS_database/CCPRD/genome_denovo/GeneMark-ES/run.cfg --section stop_TAA    --format TERM_TAA
/opt/biosoft/gmes_linux_64/gmes_petap.pl : [Sat Apr 25 15:15:52 2020] /opt/biosoft/gmes_linux_64/make_nt_freq_mat.pl --cfg /home/gqx/2020_CCPRD_yeast/4_MS_database/CCPRD/genome_denovo/GeneMark-ES/run.cfg --section stop_TAG    --format TERM_TAG
/opt/biosoft/gmes_linux_64/gmes_petap.pl : [Sat Apr 25 15:15:52 2020] /opt/biosoft/gmes_linux_64/make_nt_freq_mat.pl --cfg /home/gqx/2020_CCPRD_yeast/4_MS_database/CCPRD/genome_denovo/GeneMark-ES/run.cfg --section stop_TGA    --format TERM_TGA
/opt/biosoft/gmes_linux_64/gmes_petap.pl : [Sat Apr 25 15:15:52 2020] /opt/biosoft/gmes_linux_64/make_nt_freq_mat.pl --cfg /home/gqx/2020_CCPRD_yeast/4_MS_database/CCPRD/genome_denovo/GeneMark-ES/run.cfg --section donor_GT    --format DONOR_0    --phase 0  --quiet
/opt/biosoft/gmes_linux_64/gmes_petap.pl : [Sat Apr 25 15:15:52 2020] /opt/biosoft/gmes_linux_64/make_nt_freq_mat.pl --cfg /home/gqx/2020_CCPRD_yeast/4_MS_database/CCPRD/genome_denovo/GeneMark-ES/run.cfg --section acceptor_AG --format ACCEPTOR_0 --phase 0 
/opt/biosoft/gmes_linux_64/gmes_petap.pl : [Sat Apr 25 15:15:52 2020]  cat  GT.mat > donor.mat 
/opt/biosoft/gmes_linux_64/gmes_petap.pl : [Sat Apr 25 15:15:52 2020]  cat  AG.mat > acceptor.mat 
/opt/biosoft/gmes_linux_64/gmes_petap.pl : [Sat Apr 25 15:15:53 2020] /opt/biosoft/gmes_linux_64/make_nt_freq_mat.pl --cfg /home/gqx/2020_CCPRD_yeast/4_MS_database/CCPRD/genome_denovo/GeneMark-ES/run.cfg --section donor_GT    --format DONOR_1    --phase 1  --quiet
/opt/biosoft/gmes_linux_64/gmes_petap.pl : [Sat Apr 25 15:15:53 2020] /opt/biosoft/gmes_linux_64/make_nt_freq_mat.pl --cfg /home/gqx/2020_CCPRD_yeast/4_MS_database/CCPRD/genome_denovo/GeneMark-ES/run.cfg --section acceptor_AG --format ACCEPTOR_1 --phase 1 
/opt/biosoft/gmes_linux_64/gmes_petap.pl : [Sat Apr 25 15:15:53 2020]  cat  GT.mat >> donor.mat 
/opt/biosoft/gmes_linux_64/gmes_petap.pl : [Sat Apr 25 15:15:53 2020]  cat  AG.mat >> acceptor.mat 
/opt/biosoft/gmes_linux_64/gmes_petap.pl : [Sat Apr 25 15:15:53 2020] /opt/biosoft/gmes_linux_64/make_nt_freq_mat.pl --cfg /home/gqx/2020_CCPRD_yeast/4_MS_database/CCPRD/genome_denovo/GeneMark-ES/run.cfg --section donor_GT    --format DONOR_2    --phase 2  --quiet
/opt/biosoft/gmes_linux_64/gmes_petap.pl : [Sat Apr 25 15:15:53 2020] /opt/biosoft/gmes_linux_64/make_nt_freq_mat.pl --cfg /home/gqx/2020_CCPRD_yeast/4_MS_database/CCPRD/genome_denovo/GeneMark-ES/run.cfg --section acceptor_AG --format ACCEPTOR_2 --phase 2 
/opt/biosoft/gmes_linux_64/gmes_petap.pl : [Sat Apr 25 15:15:53 2020]  cat  GT.mat >> donor.mat 
/opt/biosoft/gmes_linux_64/gmes_petap.pl : [Sat Apr 25 15:15:53 2020]  cat  AG.mat >> acceptor.mat 
/opt/biosoft/gmes_linux_64/gmes_petap.pl : [Sat Apr 25 15:15:53 2020]  mv donor.mat     GT.mat 
/opt/biosoft/gmes_linux_64/gmes_petap.pl : [Sat Apr 25 15:15:53 2020]  mv acceptor.mat  AG.mat 
/opt/biosoft/gmes_linux_64/gmes_petap.pl : [Sat Apr 25 15:15:54 2020] /opt/biosoft/gmes_linux_64/make_nt_freq_mat.pl  --cfg /home/gqx/2020_CCPRD_yeast/4_MS_database/CCPRD/genome_denovo/GeneMark-ES/run.cfg  --section donor_GC  --format DONOR_GC_0  --phase 0  --force
/opt/biosoft/gmes_linux_64/gmes_petap.pl : [Sat Apr 25 15:15:54 2020]  cat  GC.mat > donor_GC.mat 
/opt/biosoft/gmes_linux_64/gmes_petap.pl : [Sat Apr 25 15:15:54 2020] /opt/biosoft/gmes_linux_64/make_nt_freq_mat.pl  --cfg /home/gqx/2020_CCPRD_yeast/4_MS_database/CCPRD/genome_denovo/GeneMark-ES/run.cfg  --section donor_GC  --format DONOR_GC_1  --phase 1  --force
/opt/biosoft/gmes_linux_64/gmes_petap.pl : [Sat Apr 25 15:15:54 2020]  cat  GC.mat >> donor_GC.mat 
/opt/biosoft/gmes_linux_64/gmes_petap.pl : [Sat Apr 25 15:15:54 2020] /opt/biosoft/gmes_linux_64/make_nt_freq_mat.pl  --cfg /home/gqx/2020_CCPRD_yeast/4_MS_database/CCPRD/genome_denovo/GeneMark-ES/run.cfg  --section donor_GC  --format DONOR_GC_2  --phase 2  --force
/opt/biosoft/gmes_linux_64/gmes_petap.pl : [Sat Apr 25 15:15:54 2020]  cat  GC.mat >> donor_GC.mat 
/opt/biosoft/gmes_linux_64/gmes_petap.pl : [Sat Apr 25 15:15:54 2020]  mv donor_GC.mat GC.mat 
/opt/biosoft/gmes_linux_64/gmes_petap.pl : [Sat Apr 25 15:15:55 2020] /opt/biosoft/gmes_linux_64/probuild --cod cod.seq --non non.seq --mkmod_euk mkch    --MKCHAIN_L_MARGING 0  --MKCHAIN_R_MARGING 0  --MKCHAIN_PSEUDOCOUNTS 1  --MKCHAIN_PRECISION 8 --revcomp_non  --ORDM 5 
/opt/biosoft/gmes_linux_64/gmes_petap.pl : [Sat Apr 25 15:15:56 2020] /opt/biosoft/gmes_linux_64/histogram.pl --cfg /home/gqx/2020_CCPRD_yeast/4_MS_database/CCPRD/genome_denovo/GeneMark-ES/run.cfg --section intron_DUR
/opt/biosoft/gmes_linux_64/gmes_petap.pl : [Sat Apr 25 15:15:57 2020] /opt/biosoft/gmes_linux_64/histogram.pl --cfg /home/gqx/2020_CCPRD_yeast/4_MS_database/CCPRD/genome_denovo/GeneMark-ES/run.cfg --section initial_DUR
/opt/biosoft/gmes_linux_64/gmes_petap.pl : [Sat Apr 25 15:15:59 2020] /opt/biosoft/gmes_linux_64/histogram.pl --cfg /home/gqx/2020_CCPRD_yeast/4_MS_database/CCPRD/genome_denovo/GeneMark-ES/run.cfg --section internal_DUR
/opt/biosoft/gmes_linux_64/gmes_petap.pl : [Sat Apr 25 15:16:01 2020] /opt/biosoft/gmes_linux_64/histogram.pl --cfg /home/gqx/2020_CCPRD_yeast/4_MS_database/CCPRD/genome_denovo/GeneMark-ES/run.cfg --section terminal_DUR
/opt/biosoft/gmes_linux_64/gmes_petap.pl : [Sat Apr 25 15:16:02 2020] /opt/biosoft/gmes_linux_64/histogram.pl --cfg /home/gqx/2020_CCPRD_yeast/4_MS_database/CCPRD/genome_denovo/GeneMark-ES/run.cfg --section single_DUR
/opt/biosoft/gmes_linux_64/gmes_petap.pl : [Sat Apr 25 15:16:02 2020] /opt/biosoft/gmes_linux_64/make_nt_freq_mat.pl --cfg /home/gqx/2020_CCPRD_yeast/4_MS_database/CCPRD/genome_denovo/GeneMark-ES/run.cfg --section acceptor_short_AG --format ACC_BP_0 --phase 0 
/opt/biosoft/gmes_linux_64/gmes_petap.pl : [Sat Apr 25 15:16:02 2020]  cat AG_SHORT.mat >  acceptor_short.mat 
/opt/biosoft/gmes_linux_64/gmes_petap.pl : [Sat Apr 25 15:16:02 2020] /opt/biosoft/gmes_linux_64/make_nt_freq_mat.pl --cfg /home/gqx/2020_CCPRD_yeast/4_MS_database/CCPRD/genome_denovo/GeneMark-ES/run.cfg --section acceptor_short_AG --format ACC_BP_1 --phase 1 
/opt/biosoft/gmes_linux_64/gmes_petap.pl : [Sat Apr 25 15:16:03 2020]  cat AG_SHORT.mat >> acceptor_short.mat 
/opt/biosoft/gmes_linux_64/gmes_petap.pl : [Sat Apr 25 15:16:03 2020] /opt/biosoft/gmes_linux_64/make_nt_freq_mat.pl --cfg /home/gqx/2020_CCPRD_yeast/4_MS_database/CCPRD/genome_denovo/GeneMark-ES/run.cfg --section acceptor_short_AG --format ACC_BP_2 --phase 2 
/opt/biosoft/gmes_linux_64/gmes_petap.pl : [Sat Apr 25 15:16:03 2020]  cat AG_SHORT.mat >> acceptor_short.mat 
/opt/biosoft/gmes_linux_64/gmes_petap.pl : [Sat Apr 25 15:16:03 2020]  mv acceptor_short.mat  AG_SHORT.mat 
/opt/biosoft/gmes_linux_64/gmes_petap.pl : [Sat Apr 25 15:16:03 2020] /opt/biosoft/gmes_linux_64/bp_seq_select.pl --seq_in bp_region.seq --seq_out gibbs.seq  --max_seq 4000  --bp_region_length  50  --min_bp_region_length 40 
/opt/biosoft/gmes_linux_64/gmes_petap.pl : [Sat Apr 25 15:16:05 2020] /opt/biosoft/gmes_linux_64/Gibbs3  gibbs.seq  9 -n -r -o gibbs.out -nopt -m -w 0.001 -Z  -s 1 -P /opt/biosoft/gmes_linux_64/prior.bp -F
/opt/biosoft/gmes_linux_64/gmes_petap.pl : [Sat Apr 25 15:16:05 2020] /opt/biosoft/gmes_linux_64/parse_gibbs.pl --seq gibbs.seq  --gibbs gibbs.out --motif_seq bp.seq  --spacer_len spacer.len  --spacer_seq spacer.seq  --tr transition_bp.mod  
/opt/biosoft/gmes_linux_64/gmes_petap.pl : [Sat Apr 25 15:16:05 2020] /opt/biosoft/gmes_linux_64/make_nt_freq_mat.pl --cfg /home/gqx/2020_CCPRD_yeast/4_MS_database/CCPRD/genome_denovo/GeneMark-ES/run.cfg --section branch_point --format BRANCH 
/opt/biosoft/gmes_linux_64/gmes_petap.pl : [Sat Apr 25 15:16:05 2020] /opt/biosoft/gmes_linux_64/histogram.pl --cfg /home/gqx/2020_CCPRD_yeast/4_MS_database/CCPRD/genome_denovo/GeneMark-ES/run.cfg --section spacer_DUR
/opt/biosoft/gmes_linux_64/gmes_petap.pl : [Sat Apr 25 15:16:05 2020] /opt/biosoft/gmes_linux_64/scan_for_bp.pl --seq_in bp_region.seq  --gibbs_in gibbs.out  --pos_out prespacer.len 
/opt/biosoft/gmes_linux_64/gmes_petap.pl : [Sat Apr 25 15:16:07 2020] /opt/biosoft/gmes_linux_64/histogram.pl --cfg /home/gqx/2020_CCPRD_yeast/4_MS_database/CCPRD/genome_denovo/GeneMark-ES/run.cfg --section prespacer_DUR
/opt/biosoft/gmes_linux_64/gmes_petap.pl : [Sat Apr 25 15:16:07 2020] /opt/biosoft/gmes_linux_64/probuild --non spacer.seq --mkmod_non spacer.mkch   --MKCHAIN_L_MARGING 0  --MKCHAIN_R_MARGING 0  --MKCHAIN_PSEUDOCOUNTS 1  --MKCHAIN_PRECISION 6 --ORDM 1 
/opt/biosoft/gmes_linux_64/gmes_petap.pl : [Sat Apr 25 15:16:07 2020] /opt/biosoft/gmes_linux_64/build_mod.pl --cfg /home/gqx/2020_CCPRD_yeast/4_MS_database/CCPRD/genome_denovo/GeneMark-ES/run.cfg --section ES_C --def prev.mod  --out ES_C_4.mod 
/opt/biosoft/gmes_linux_64/gmes_petap.pl : [Sat Apr 25 15:16:07 2020] cp /home/gqx/2020_CCPRD_yeast/4_MS_database/CCPRD/genome_denovo/GeneMark-ES/run/ES_C_4/ES_C_4.mod /home/gqx/2020_CCPRD_yeast/4_MS_database/CCPRD/genome_denovo/GeneMark-ES/gmhmm.mod
/opt/biosoft/gmes_linux_64/gmes_petap.pl : [Sat Apr 25 15:16:07 2020] cp /home/gqx/2020_CCPRD_yeast/4_MS_database/CCPRD/genome_denovo/GeneMark-ES/gmhmm.mod output/gmhmm.mod
/opt/biosoft/gmes_linux_64/gmes_petap.pl : [Sat Apr 25 15:16:08 2020] /opt/biosoft/gmes_linux_64/probuild  --seq /home/gqx/2020_CCPRD_yeast/4_MS_database/CCPRD/genome_denovo/GeneMark-ES/data/dna.fna  --split dna.fa  --max_contig 5000000 --min_contig 500 --letters_per_line 100 --split_at_n 5000 --split_at_x 5000 --allow_x --x_to_n  --trace ../../info/prediction.trace 
/opt/biosoft/gmes_linux_64/gmes_petap.pl : [Sat Apr 25 15:16:08 2020] 17 contigs in training
/opt/biosoft/gmes_linux_64/gmes_petap.pl : [Sat Apr 25 15:17:55 2020] 17 contigs in training
/opt/biosoft/gmes_linux_64/gmes_petap.pl : [Sat Apr 25 15:17:55 2020] /opt/biosoft/gmes_linux_64/hmm_to_gtf.pl  --in /home/gqx/2020_CCPRD_yeast/4_MS_database/CCPRD/genome_denovo/GeneMark-ES/output/gmhmm/dna.fa_3.out  --app  --out genemark.gtf  --min 120 
/opt/biosoft/gmes_linux_64/gmes_petap.pl : [Sat Apr 25 15:17:55 2020] /opt/biosoft/gmes_linux_64/hmm_to_gtf.pl  --in /home/gqx/2020_CCPRD_yeast/4_MS_database/CCPRD/genome_denovo/GeneMark-ES/output/gmhmm/dna.fa_11.out  --app  --out genemark.gtf  --min 120 
/opt/biosoft/gmes_linux_64/gmes_petap.pl : [Sat Apr 25 15:17:55 2020] /opt/biosoft/gmes_linux_64/hmm_to_gtf.pl  --in /home/gqx/2020_CCPRD_yeast/4_MS_database/CCPRD/genome_denovo/GeneMark-ES/output/gmhmm/dna.fa_4.out  --app  --out genemark.gtf  --min 120 
/opt/biosoft/gmes_linux_64/gmes_petap.pl : [Sat Apr 25 15:17:55 2020] /opt/biosoft/gmes_linux_64/hmm_to_gtf.pl  --in /home/gqx/2020_CCPRD_yeast/4_MS_database/CCPRD/genome_denovo/GeneMark-ES/output/gmhmm/dna.fa_6.out  --app  --out genemark.gtf  --min 120 
/opt/biosoft/gmes_linux_64/gmes_petap.pl : [Sat Apr 25 15:17:55 2020] /opt/biosoft/gmes_linux_64/hmm_to_gtf.pl  --in /home/gqx/2020_CCPRD_yeast/4_MS_database/CCPRD/genome_denovo/GeneMark-ES/output/gmhmm/dna.fa_5.out  --app  --out genemark.gtf  --min 120 
/opt/biosoft/gmes_linux_64/gmes_petap.pl : [Sat Apr 25 15:17:55 2020] /opt/biosoft/gmes_linux_64/hmm_to_gtf.pl  --in /home/gqx/2020_CCPRD_yeast/4_MS_database/CCPRD/genome_denovo/GeneMark-ES/output/gmhmm/dna.fa_12.out  --app  --out genemark.gtf  --min 120 
/opt/biosoft/gmes_linux_64/gmes_petap.pl : [Sat Apr 25 15:17:55 2020] /opt/biosoft/gmes_linux_64/hmm_to_gtf.pl  --in /home/gqx/2020_CCPRD_yeast/4_MS_database/CCPRD/genome_denovo/GeneMark-ES/output/gmhmm/dna.fa_7.out  --app  --out genemark.gtf  --min 120 
/opt/biosoft/gmes_linux_64/gmes_petap.pl : [Sat Apr 25 15:17:55 2020] /opt/biosoft/gmes_linux_64/hmm_to_gtf.pl  --in /home/gqx/2020_CCPRD_yeast/4_MS_database/CCPRD/genome_denovo/GeneMark-ES/output/gmhmm/dna.fa_13.out  --app  --out genemark.gtf  --min 120 
/opt/biosoft/gmes_linux_64/gmes_petap.pl : [Sat Apr 25 15:17:55 2020] /opt/biosoft/gmes_linux_64/hmm_to_gtf.pl  --in /home/gqx/2020_CCPRD_yeast/4_MS_database/CCPRD/genome_denovo/GeneMark-ES/output/gmhmm/dna.fa_10.out  --app  --out genemark.gtf  --min 120 
/opt/biosoft/gmes_linux_64/gmes_petap.pl : [Sat Apr 25 15:17:55 2020] /opt/biosoft/gmes_linux_64/hmm_to_gtf.pl  --in /home/gqx/2020_CCPRD_yeast/4_MS_database/CCPRD/genome_denovo/GeneMark-ES/output/gmhmm/dna.fa_14.out  --app  --out genemark.gtf  --min 120 
/opt/biosoft/gmes_linux_64/gmes_petap.pl : [Sat Apr 25 15:17:55 2020] /opt/biosoft/gmes_linux_64/hmm_to_gtf.pl  --in /home/gqx/2020_CCPRD_yeast/4_MS_database/CCPRD/genome_denovo/GeneMark-ES/output/gmhmm/dna.fa_17.out  --app  --out genemark.gtf  --min 120 
/opt/biosoft/gmes_linux_64/gmes_petap.pl : [Sat Apr 25 15:17:55 2020] /opt/biosoft/gmes_linux_64/hmm_to_gtf.pl  --in /home/gqx/2020_CCPRD_yeast/4_MS_database/CCPRD/genome_denovo/GeneMark-ES/output/gmhmm/dna.fa_1.out  --app  --out genemark.gtf  --min 120 
/opt/biosoft/gmes_linux_64/gmes_petap.pl : [Sat Apr 25 15:17:55 2020] /opt/biosoft/gmes_linux_64/hmm_to_gtf.pl  --in /home/gqx/2020_CCPRD_yeast/4_MS_database/CCPRD/genome_denovo/GeneMark-ES/output/gmhmm/dna.fa_16.out  --app  --out genemark.gtf  --min 120 
/opt/biosoft/gmes_linux_64/gmes_petap.pl : [Sat Apr 25 15:17:55 2020] /opt/biosoft/gmes_linux_64/hmm_to_gtf.pl  --in /home/gqx/2020_CCPRD_yeast/4_MS_database/CCPRD/genome_denovo/GeneMark-ES/output/gmhmm/dna.fa_2.out  --app  --out genemark.gtf  --min 120 
/opt/biosoft/gmes_linux_64/gmes_petap.pl : [Sat Apr 25 15:17:56 2020] /opt/biosoft/gmes_linux_64/hmm_to_gtf.pl  --in /home/gqx/2020_CCPRD_yeast/4_MS_database/CCPRD/genome_denovo/GeneMark-ES/output/gmhmm/dna.fa_9.out  --app  --out genemark.gtf  --min 120 
/opt/biosoft/gmes_linux_64/gmes_petap.pl : [Sat Apr 25 15:17:56 2020] /opt/biosoft/gmes_linux_64/hmm_to_gtf.pl  --in /home/gqx/2020_CCPRD_yeast/4_MS_database/CCPRD/genome_denovo/GeneMark-ES/output/gmhmm/dna.fa_8.out  --app  --out genemark.gtf  --min 120 
/opt/biosoft/gmes_linux_64/gmes_petap.pl : [Sat Apr 25 15:17:56 2020] /opt/biosoft/gmes_linux_64/hmm_to_gtf.pl  --in /home/gqx/2020_CCPRD_yeast/4_MS_database/CCPRD/genome_denovo/GeneMark-ES/output/gmhmm/dna.fa_15.out  --app  --out genemark.gtf  --min 120 
/opt/biosoft/gmes_linux_64/gmes_petap.pl : [Sat Apr 25 15:17:56 2020] /opt/biosoft/gmes_linux_64/reformat_gff.pl --out genemark.gtf.tmp --trace info/dna.trace --in genemark.gtf  --back
/opt/biosoft/gmes_linux_64/gmes_petap.pl : [Sat Apr 25 15:17:56 2020] mv genemark.gtf.tmp genemark.gtf
