Initial	952
Internal	342
Terminal	949
Single	2463
Intron:	1298	914918
Intergenic:	2781	1927720
Initial	655
Internal	150
Terminal	653
Single	3129
Intron:	806	466059
Intergenic:	2979	1871272
Initial	681
Internal	164
Terminal	679
Single	3106
Intron:	846	476841
Intergenic:	2988	1880959
Initial	582
Internal	183
Terminal	571
Single	3218
Intron:	766	331623
Intergenic:	2876	1768412
SvsM  0.839457320520068 vs 0.160542679479932
genes in IvsT: 570
1, -0.258861633916289
2, -1.66350513370438
3, -3.25459390747028
IvsT  0.223606797749979 vs 0.776393202250021
Initial	373
Internal	89
Terminal	363
Single	3578
Intron:	463	177671
Intergenic:	2935	1778762
SvsM  0.901623686723973 vs 0.0983763132760267
genes in IvsT: 366
1, -0.212273879077306
2, -1.82509588949565
3, -3.504738060603
IvsT  0.192774900239015 vs 0.807225099760985
Initial	298
Internal	70
Terminal	289
Single	3712
Intron:	369	129313
Intergenic:	2983	1809041
SvsM  0.922870196183822 vs 0.0771298038161784
genes in IvsT: 291
1, -0.192684343829501
2, -2.00976162104185
3, -3.18841661738349
IvsT  0.223606797749979 vs 0.776393202250021
Initial	267
Internal	66
Terminal	258
Single	3764
Intron:	333	110520
Intergenic:	2996	1817488
SvsM  0.931195724782899 vs 0.0688042752171009
genes in IvsT: 250
1, -0.160168752152821
2, -1.91054300521802
IvsT  0.173708920187793 vs 0.826291079812207
